<?xml version="1.0" encoding="UTF-8"?>
<!-- Generated by org.testng.reporters.JUnitReportReporter -->
<testsuite skipped="0" hostname="KALAMSIR-PC" name="tests.Runner2" tests="9" failures="5" timestamp="2021-06-18T09:26:39 IST" time="12.080" errors="0">
  <testcase name="runScenario" time="1.357" classname="tests.Runner2"/>
  <system-out/>
  <testcase name="runScenario" time="0.952" classname="tests.Runner2"/>
  <system-out/>
  <testcase name="runScenario" time="2.320" classname="tests.Runner2">
    <failure type="java.lang.AssertionError" message="The following asserts failed:
	expected [true] but found [false],
	expected [true] but found [false]">
      <![CDATA[java.lang.AssertionError: The following asserts failed:
expected [true] but found [false],
expected [true] but found [false]
at org.testng.asserts.SoftAssert.assertAll(SoftAssert.java:47)
at org.testng.asserts.SoftAssert.assertAll(SoftAssert.java:31)
at gluecode.StepdefForFeature4.method13(StepdefForFeature4.java:66)
at ✽.validate response as per data in text file(file:///E:/apibatch4/org.magnitia.5bdd-ra-cucumber-pico-testng/src/test/resources/features/feature4.feature:7)
]]>
    </failure>
  </testcase> <!-- runScenario -->
  <system-out/>
  <testcase name="runScenario" time="0.687" classname="tests.Runner2"/>
  <system-out/>
  <testcase name="runScenario" time="1.696" classname="tests.Runner2">
    <failure type="java.lang.AssertionError" message="expected [true] but found [false]">
      <![CDATA[java.lang.AssertionError: expected [true] but found [false]
at org.testng.Assert.fail(Assert.java:99)
at org.testng.Assert.failNotEquals(Assert.java:1037)
at org.testng.Assert.assertTrue(Assert.java:45)
at org.testng.Assert.assertTrue(Assert.java:55)
at gluecode.StepdefForFeature3.method11(StepdefForFeature3.java:67)
at ✽.validate that restful service with content type as "application/json"(file:///E:/apibatch4/org.magnitia.5bdd-ra-cucumber-pico-testng/src/test/resources/features/feature3.feature:6)
]]>
    </failure>
  </testcase> <!-- runScenario -->
  <system-out/>
  <testcase name="runScenario" time="0.594" classname="tests.Runner2">
    <failure type="java.lang.AssertionError" message="expected [true] but found [false]">
      <![CDATA[java.lang.AssertionError: expected [true] but found [false]
at org.testng.Assert.fail(Assert.java:99)
at org.testng.Assert.failNotEquals(Assert.java:1037)
at org.testng.Assert.assertTrue(Assert.java:45)
at org.testng.Assert.assertTrue(Assert.java:55)
at gluecode.StepdefForFeature2.method10(StepdefForFeature2.java:71)
at ✽.status code is "200" as per "duplicate" and content type is "application/json"(file:///E:/apibatch4/org.magnitia.5bdd-ra-cucumber-pico-testng/src/test/resources/features/feature2.feature:7)
]]>
    </failure>
  </testcase> <!-- runScenario -->
  <system-out/>
  <testcase name="runScenario" time="0.601" classname="tests.Runner2">
    <failure type="java.lang.AssertionError" message="expected [true] but found [false]">
      <![CDATA[java.lang.AssertionError: expected [true] but found [false]
at org.testng.Assert.fail(Assert.java:99)
at org.testng.Assert.failNotEquals(Assert.java:1037)
at org.testng.Assert.assertTrue(Assert.java:45)
at org.testng.Assert.assertTrue(Assert.java:55)
at gluecode.StepdefForFeature2.method10(StepdefForFeature2.java:71)
at ✽.status code is "400" as per "wrong" and content type is "application/json"(file:///E:/apibatch4/org.magnitia.5bdd-ra-cucumber-pico-testng/src/test/resources/features/feature2.feature:7)
]]>
    </failure>
  </testcase> <!-- runScenario -->
  <system-out/>
  <testcase name="runScenario" time="3.226" classname="tests.Runner2">
    <failure type="java.lang.AssertionError" message="The following asserts failed:
	expected [true] but found [false],
	expected [true] but found [false]">
      <![CDATA[java.lang.AssertionError: The following asserts failed:
expected [true] but found [false],
expected [true] but found [false]
at org.testng.asserts.SoftAssert.assertAll(SoftAssert.java:47)
at org.testng.asserts.SoftAssert.assertAll(SoftAssert.java:31)
at gluecode.StepdefForFeature5.method15(StepdefForFeature5.java:91)
at ✽.validate response as per data in excel file(file:///E:/apibatch4/org.magnitia.5bdd-ra-cucumber-pico-testng/src/test/resources/features/feature5.feature:7)
]]>
    </failure>
  </testcase> <!-- runScenario -->
  <system-out/>
  <testcase name="runScenario" time="0.647" classname="tests.Runner2"/>
  <system-out/>
</testsuite> <!-- tests.Runner2 -->
