<?xml version="1.0" encoding="UTF-8"?>
<!-- Generated by org.testng.reporters.JUnitReportReporter -->
<testsuite skipped="0" hostname="KALAMSIR-PC" name="tests.Runner1" tests="2" failures="0" timestamp="2021-06-21T08:55:37 IST" time="2.187" errors="0">
  <testcase name="runScenario" time="0.664" classname="tests.Runner1"/>
  <system-out/>
  <testcase name="runScenario" time="1.523" classname="tests.Runner1"/>
  <system-out/>
</testsuite> <!-- tests.Runner1 -->
