<?xml version="1.0" encoding="UTF-8"?>
<!-- Generated by org.testng.reporters.JUnitReportReporter -->
<testsuite skipped="0" hostname="KALAMSIR-PC" name="tests.Runner1Parallel" tests="2" failures="0" timestamp="2021-06-16T09:52:38 IST" time="4.762" errors="0">
  <testcase name="runScenario" time="2.169" classname="tests.Runner1Parallel"/>
  <system-out/>
  <testcase name="runScenario" time="2.593" classname="tests.Runner1Parallel"/>
  <system-out/>
</testsuite> <!-- tests.Runner1Parallel -->
