<?xml version="1.0" encoding="UTF-8"?>
<!-- Generated by org.testng.reporters.JUnitReportReporter -->
<testsuite skipped="0" hostname="KALAMSIR-PC" name="tests.NewTest1" tests="1" failures="0" timestamp="2020-09-03T16:30:56 IST" time="1.984" errors="0">
  <testcase name="runScenario" time="1.984" classname="tests.NewTest1"/>
  <system-out/>
</testsuite> <!-- tests.NewTest1 -->
