<?xml version="1.0" encoding="UTF-8"?>
<!-- Generated by org.testng.reporters.JUnitReportReporter -->
<testsuite skipped="0" hostname="KALAMSIR-PC" name="tests.Runner3" tests="2" failures="2" timestamp="2021-02-05T14:56:17 IST" time="5.133" errors="0">
  <testcase name="runScenario" time="2.410" classname="tests.Runner3">
    <failure type="java.lang.AssertionError" message="expected [true] but found [false]">
      <![CDATA[java.lang.AssertionError: expected [true] but found [false]
at org.testng.Assert.fail(Assert.java:99)
at org.testng.Assert.failNotEquals(Assert.java:1037)
at org.testng.Assert.assertTrue(Assert.java:45)
at org.testng.Assert.assertTrue(Assert.java:55)
at gluecode.Stepdef2.method10(Stepdef2.java:52)
at ✽.status code is "200" as per "duplicate" and content type is "application/json"(file:///E:/apibatch3/8org.magnitia.ra-bdd-pico-testng/src/test/resources/features/feature2.feature:8)
]]>
    </failure>
  </testcase> <!-- runScenario -->
  <system-out/>
  <testcase name="runScenario" time="2.723" classname="tests.Runner3">
    <failure type="java.lang.AssertionError" message="expected [true] but found [false]">
      <![CDATA[java.lang.AssertionError: expected [true] but found [false]
at org.testng.Assert.fail(Assert.java:99)
at org.testng.Assert.failNotEquals(Assert.java:1037)
at org.testng.Assert.assertTrue(Assert.java:45)
at org.testng.Assert.assertTrue(Assert.java:55)
at gluecode.Stepdef2.method11(Stepdef2.java:86)
at ✽.validate that restful service(file:///E:/apibatch3/8org.magnitia.ra-bdd-pico-testng/src/test/resources/features/feature3.feature:4)
]]>
    </failure>
  </testcase> <!-- runScenario -->
  <system-out/>
</testsuite> <!-- tests.Runner3 -->
